-- The C compiler identification is GNU 13.3.0
-- The CXX compiler identification is GNU 13.3.0
-- Detecting C compiler ABI info
-- Detecting C compiler ABI info - done
-- Check for working C compiler: /usr/bin/cc - skipped
-- Detecting C compile features
-- Detecting C compile features - done
-- Detecting CXX compiler ABI info
-- Detecting CXX compiler ABI info - done
-- Check for working CXX compiler: /usr/bin/c++ - skipped
-- Detecting CXX compile features
-- Detecting CXX compile features - done
-- Found ament_cmake: 2.7.3 (/opt/ros/kilted/share/ament_cmake/cmake)
-- Found Python3: /usr/bin/python3 (found version "3.12.3") found components: Interpreter 
-- Found ros_gz_sim: 2.1.11 (/opt/ros/kilted/share/ros_gz_sim/cmake)
-- Found rosidl_generator_c: 4.9.5 (/opt/ros/kilted/share/rosidl_generator_c/cmake)
-- Found rosidl_generator_cpp: 4.9.5 (/opt/ros/kilted/share/rosidl_generator_cpp/cmake)
-- Using all available rosidl_typesupport_c: rosidl_typesupport_fastrtps_c;rosidl_typesupport_introspection_c
-- Using all available rosidl_typesupport_cpp: rosidl_typesupport_fastrtps_cpp;rosidl_typesupport_introspection_cpp
-- Found rmw_implementation_cmake: 7.8.2 (/opt/ros/kilted/share/rmw_implementation_cmake/cmake)
-- Found rmw_fastrtps_cpp: 9.3.3 (/opt/ros/kilted/share/rmw_fastrtps_cpp/cmake)
-- Found OpenSSL: /usr/lib/x86_64-linux-gnu/libcrypto.so (found version "3.0.13")  
-- Using RMW implementation 'rmw_fastrtps_cpp' as default
-- Found nav_msgs: 5.5.1 (/opt/ros/kilted/share/nav_msgs/cmake)
-- Found sensor_msgs: 5.5.1 (/opt/ros/kilted/share/sensor_msgs/cmake)
-- Found gz_math_vendor: 0.2.5 (/opt/ros/kilted/share/gz_math_vendor/cmake)
-- Looking for gz-math8 -- found version 8.2.0
-- Searching for dependencies of gz-math8
-- Looking for gz-utils3 -- found version 3.1.1
-- Searching for dependencies of gz-utils3
-- Found gz_sim_vendor: 0.2.3 (/opt/ros/kilted/share/gz_sim_vendor/cmake)
-- Looking for gz-sim9 -- found version 9.5.0
-- Searching for dependencies of gz-sim9
-- Looking for sdformat15 -- found version 15.3.0
-- Searching for dependencies of sdformat15
-- Checking for module 'tinyxml2'
--   Found tinyxml2, version 10.0.0
-- Looking for gz-math8 -- found version 8.2.0
-- Looking for gz-utils3 -- found version 3.1.1
-- Searching for dependencies of gz-utils3
-- Searching for <gz-utils3> component [cli]
-- Looking for gz-utils3-cli -- found version 3.1.1
-- Searching for dependencies of gz-utils3-cli
-- Looking for gz-plugin3 -- found version 3.1.0
-- Searching for dependencies of gz-plugin3
-- Looking for gz-utils3 -- found version 3.1.1
-- Searching for <gz-plugin3> component [loader]
-- Looking for gz-plugin3-loader -- found version 3.1.0
-- Searching for dependencies of gz-plugin3-loader
-- Searching for <gz-plugin3> component [register]
-- Looking for gz-plugin3-register -- found version 3.1.0
-- Searching for dependencies of gz-plugin3-register
-- Looking for gz-transport14 -- found version 14.2.0
-- Searching for dependencies of gz-transport14
-- Found Protobuf: /usr/lib/x86_64-linux-gnu/libprotobuf.so (found version "3.21.12") 
-- Config-file not installed for ZeroMQ -- checking for pkg-config
-- Checking for module 'libzmq >= 4'
--   Found libzmq, version 4.3.5
-- Found ZeroMQ: TRUE (Required is at least version "4") 
-- Checking for module 'uuid'
--   Found uuid, version 2.39.3
-- Found UUID: TRUE  
-- Looking for gz-utils3 -- found version 3.1.1
-- Looking for gz-msgs11 -- found version 11.1.0
-- Searching for dependencies of gz-msgs11
-- Looking for gz-utils3 -- found version 3.1.1
-- Looking for gz-math8 -- found version 8.2.0
-- Searching for <gz-transport14> component [log]
-- Looking for gz-transport14-log -- found version 14.2.0
-- Searching for dependencies of gz-transport14-log
-- Searching for <gz-transport14> component [parameters]
-- Looking for gz-transport14-parameters -- found version 14.2.0
-- Searching for dependencies of gz-transport14-parameters
-- Looking for gz-msgs11 -- found version 11.1.0
-- Looking for gz-common6 -- found version 6.2.1
-- Searching for dependencies of gz-common6
-- Looking for gz-utils3 -- found version 3.1.1
-- Searching for dependencies of gz-utils3
-- Searching for <gz-utils3> component [log]
-- Looking for gz-utils3-log -- found version 3.1.1
-- Searching for dependencies of gz-utils3-log
-- Found Threads: TRUE  
-- Searching for <gz-common6> component [av]
-- Looking for gz-common6-av -- found version 6.2.1
-- Searching for dependencies of gz-common6-av
-- Checking for module 'libswscale'
--   Found libswscale, version 7.5.100
-- Found SWSCALE: TRUE  
-- Checking for module 'libavdevice >= 56.4.100'
--   Found libavdevice, version 60.3.100
-- Found AVDEVICE: TRUE (Required is at least version "56.4.100") 
-- Checking for module 'libavformat'
--   Found libavformat, version 60.16.100
-- Found AVFORMAT: TRUE  
-- Checking for module 'libavcodec'
--   Found libavcodec, version 60.31.102
-- Found AVCODEC: TRUE  
-- Checking for module 'libavutil'
--   Found libavutil, version 58.29.100
-- Found AVUTIL: TRUE  
-- Searching for <gz-common6> component [events]
-- Looking for gz-common6-events -- found version 6.2.1
-- Searching for dependencies of gz-common6-events
-- Looking for gz-math8 -- found version 8.2.0
-- Searching for <gz-common6> component [graphics]
-- Looking for gz-common6-graphics -- found version 6.2.1
-- Searching for dependencies of gz-common6-graphics
-- Looking for gz-math8 -- found version 8.2.0
-- Found GzAssimp: TRUE (found version "5.3.0") 
-- Searching for <gz-common6> component [io]
-- Looking for gz-common6-io -- found version 6.2.1
-- Searching for dependencies of gz-common6-io
-- Searching for <gz-common6> component [profiler]
-- Looking for gz-common6-profiler -- found version 6.2.1
-- Searching for dependencies of gz-common6-profiler
-- Searching for <gz-common6> component [testing]
-- Looking for gz-common6-testing -- found version 6.2.1
-- Searching for dependencies of gz-common6-testing
-- Looking for gz-fuel_tools10 -- found version 10.1.0
-- Searching for dependencies of gz-fuel_tools10
-- Found CURL: /usr/lib/x86_64-linux-gnu/libcurl.so (found version "8.5.0")  
-- Checking for module 'jsoncpp'
--   Found jsoncpp, version 1.9.5
-- Found JSONCPP: TRUE  
-- Checking for module 'yaml-0.1'
--   Found yaml-0.1, version 0.2.5
-- Found YAML: TRUE  
-- Checking for module 'libzip'
--   Found libzip, version 1.7.3
-- Found ZIP: TRUE  
-- Looking for gz-utils3 -- found version 3.1.1
-- Looking for gz-common6 -- found version 6.2.1
-- Looking for gz-math8 -- found version 8.2.0
-- Looking for gz-msgs11 -- found version 11.1.0
