[0.086s] DEBUG:colcon:Command line arguments: ['/usr/bin/colcon', 'build']
[0.086s] DEBUG:colcon:Parsed command line arguments: Namespace(log_base=None, log_level=None, verb_name='build', build_base='build', install_base='install', merge_install=False, symlink_install=False, test_result_base=None, continue_on_error=False, executor='parallel', parallel_workers=16, event_handlers=None, ignore_user_meta=False, metas=['./colcon.meta'], base_paths=['.'], packages_ignore=None, packages_ignore_regex=None, paths=None, packages_up_to=None, packages_up_to_regex=None, packages_above=None, packages_above_and_dependencies=None, packages_above_depth=None, packages_select_by_dep=None, packages_skip_by_dep=None, packages_skip_up_to=None, packages_select_build_failed=False, packages_skip_build_finished=False, packages_select_test_failures=False, packages_skip_test_passed=False, packages_select=None, packages_skip=None, packages_select_regex=None, packages_skip_regex=None, packages_start=None, packages_end=None, allow_overriding=[], cmake_args=None, cmake_target=None, cmake_target_skip_unavailable=False, cmake_clean_cache=False, cmake_clean_first=False, cmake_force_configure=False, ament_cmake_args=None, catkin_cmake_args=None, catkin_skip_building_tests=False, mixin_files=None, mixin=None, verb_parser=<colcon_mixin.mixin.mixin_argument.MixinArgumentDecorator object at 0x7af494d889b0>, verb_extension=<colcon_core.verb.build.BuildVerb object at 0x7af494d88320>, main=<bound method BuildVerb.main of <colcon_core.verb.build.BuildVerb object at 0x7af494d88320>>, mixin_verb=('build',))
[0.116s] Level 1:colcon.colcon_core.package_discovery:discover_packages(colcon_meta) check parameters
[0.116s] Level 1:colcon.colcon_core.package_discovery:discover_packages(recursive) check parameters
[0.116s] Level 1:colcon.colcon_core.package_discovery:discover_packages(ignore) check parameters
[0.116s] Level 1:colcon.colcon_core.package_discovery:discover_packages(path) check parameters
[0.116s] Level 1:colcon.colcon_core.package_discovery:discover_packages(colcon_meta) discover
[0.116s] Level 1:colcon.colcon_core.package_discovery:discover_packages(recursive) discover
[0.116s] INFO:colcon.colcon_core.package_discovery:Crawling recursively for packages in '/home/thill/ros2_ws/src/turtlebot3_custom'
[0.116s] Level 1:colcon.colcon_core.package_identification:_identify(.) by extensions ['ignore', 'ignore_ament_install']
[0.116s] Level 1:colcon.colcon_core.package_identification:_identify(.) by extension 'ignore'
[0.116s] Level 1:colcon.colcon_core.package_identification:_identify(.) by extension 'ignore_ament_install'
[0.116s] Level 1:colcon.colcon_core.package_identification:_identify(.) by extensions ['colcon_pkg']
[0.116s] Level 1:colcon.colcon_core.package_identification:_identify(.) by extension 'colcon_pkg'
[0.116s] Level 1:colcon.colcon_core.package_identification:_identify(.) by extensions ['colcon_meta']
[0.116s] Level 1:colcon.colcon_core.package_identification:_identify(.) by extension 'colcon_meta'
[0.116s] Level 1:colcon.colcon_core.package_identification:_identify(.) by extensions ['ros']
[0.116s] Level 1:colcon.colcon_core.package_identification:_identify(.) by extension 'ros'
[0.137s] DEBUG:colcon.colcon_core.package_identification:Package '.' with type 'ros.ament_cmake' and name 'turtlebot3_custom'
[0.137s] Level 1:colcon.colcon_core.package_discovery:discover_packages(recursive) using defaults
[0.137s] Level 1:colcon.colcon_core.package_discovery:discover_packages(ignore) discover
[0.137s] Level 1:colcon.colcon_core.package_discovery:discover_packages(ignore) using defaults
[0.137s] Level 1:colcon.colcon_core.package_discovery:discover_packages(path) discover
[0.137s] Level 1:colcon.colcon_core.package_discovery:discover_packages(path) using defaults
[0.149s] Level 1:colcon.colcon_core.package_discovery:discover_packages(prefix_path) check parameters
[0.149s] Level 1:colcon.colcon_core.package_discovery:discover_packages(prefix_path) discover
[0.150s] DEBUG:colcon.colcon_installed_package_information.package_discovery:Found 2 installed packages in /home/thill/ros2_ws/install
[0.152s] DEBUG:colcon.colcon_installed_package_information.package_discovery:Found 400 installed packages in /opt/ros/kilted
[0.153s] Level 1:colcon.colcon_core.package_discovery:discover_packages(prefix_path) using defaults
[0.193s] Level 5:colcon.colcon_core.verb:set package 'turtlebot3_custom' build argument 'cmake_args' from command line to 'None'
[0.193s] Level 5:colcon.colcon_core.verb:set package 'turtlebot3_custom' build argument 'cmake_target' from command line to 'None'
[0.193s] Level 5:colcon.colcon_core.verb:set package 'turtlebot3_custom' build argument 'cmake_target_skip_unavailable' from command line to 'False'
[0.193s] Level 5:colcon.colcon_core.verb:set package 'turtlebot3_custom' build argument 'cmake_clean_cache' from command line to 'False'
[0.193s] Level 5:colcon.colcon_core.verb:set package 'turtlebot3_custom' build argument 'cmake_clean_first' from command line to 'False'
[0.193s] Level 5:colcon.colcon_core.verb:set package 'turtlebot3_custom' build argument 'cmake_force_configure' from command line to 'False'
[0.193s] Level 5:colcon.colcon_core.verb:set package 'turtlebot3_custom' build argument 'ament_cmake_args' from command line to 'None'
[0.193s] Level 5:colcon.colcon_core.verb:set package 'turtlebot3_custom' build argument 'catkin_cmake_args' from command line to 'None'
[0.194s] Level 5:colcon.colcon_core.verb:set package 'turtlebot3_custom' build argument 'catkin_skip_building_tests' from command line to 'False'
[0.194s] DEBUG:colcon.colcon_core.verb:Building package 'turtlebot3_custom' with the following arguments: {'ament_cmake_args': None, 'build_base': '/home/thill/ros2_ws/src/turtlebot3_custom/build/turtlebot3_custom', 'catkin_cmake_args': None, 'catkin_skip_building_tests': False, 'cmake_args': None, 'cmake_clean_cache': False, 'cmake_clean_first': False, 'cmake_force_configure': False, 'cmake_target': None, 'cmake_target_skip_unavailable': False, 'install_base': '/home/thill/ros2_ws/src/turtlebot3_custom/install/turtlebot3_custom', 'merge_install': False, 'path': '/home/thill/ros2_ws/src/turtlebot3_custom', 'symlink_install': False, 'test_result_base': None}
[0.194s] INFO:colcon.colcon_core.executor:Executing jobs using 'parallel' executor
[0.194s] DEBUG:colcon.colcon_parallel_executor.executor.parallel:run_until_complete
[0.194s] INFO:colcon.colcon_ros.task.ament_cmake.build:Building ROS package in '/home/thill/ros2_ws/src/turtlebot3_custom' with build type 'ament_cmake'
[0.194s] INFO:colcon.colcon_cmake.task.cmake.build:Building CMake package in '/home/thill/ros2_ws/src/turtlebot3_custom'
[0.195s] INFO:colcon.colcon_core.plugin_system:Skipping extension 'colcon_core.shell.bat': Not used on non-Windows systems
[0.196s] INFO:colcon.colcon_core.shell:Skip shell extension 'powershell' for command environment: Not usable outside of PowerShell
[0.196s] DEBUG:colcon.colcon_core.shell:Skip shell extension 'dsv' for command environment
[0.202s] DEBUG:colcon.colcon_core.event_handler.log_command:Invoking command in '/home/thill/ros2_ws/src/turtlebot3_custom/build/turtlebot3_custom': CMAKE_PREFIX_PATH=${CMAKE_PREFIX_PATH}:/opt/ros/kilted DEBUGINFOD_URLS=https://debuginfod.ubuntu.com /usr/bin/cmake /home/thill/ros2_ws/src/turtlebot3_custom -DCMAKE_INSTALL_PREFIX=/home/thill/ros2_ws/src/turtlebot3_custom/install/turtlebot3_custom
[2.266s] DEBUG:colcon.colcon_parallel_executor.executor.parallel:run_until_complete was interrupted
[2.266s] DEBUG:colcon.colcon_parallel_executor.executor.parallel:run_until_complete again
[2.269s] Level 1:colcon.colcon_core.environment:create_environment_scripts_only(turtlebot3_custom)
[2.269s] DEBUG:colcon.colcon_core.event_handler.log_command:Invoked command in '/home/thill/ros2_ws/src/turtlebot3_custom/build/turtlebot3_custom' returned '-2': CMAKE_PREFIX_PATH=${CMAKE_PREFIX_PATH}:/opt/ros/kilted DEBUGINFOD_URLS=https://debuginfod.ubuntu.com /usr/bin/cmake /home/thill/ros2_ws/src/turtlebot3_custom -DCMAKE_INSTALL_PREFIX=/home/thill/ros2_ws/src/turtlebot3_custom/install/turtlebot3_custom
[2.270s] Level 1:colcon.colcon_core.environment:checking '/home/thill/ros2_ws/src/turtlebot3_custom/install/turtlebot3_custom' for CMake module files
[2.271s] Level 1:colcon.colcon_core.environment:checking '/home/thill/ros2_ws/src/turtlebot3_custom/install/turtlebot3_custom' for CMake config files
[2.271s] Level 1:colcon.colcon_core.environment:checking '/home/thill/ros2_ws/src/turtlebot3_custom/install/turtlebot3_custom/bin'
[2.271s] Level 1:colcon.colcon_core.environment:checking '/home/thill/ros2_ws/src/turtlebot3_custom/install/turtlebot3_custom/lib/pkgconfig/turtlebot3_custom.pc'
[2.271s] Level 1:colcon.colcon_core.environment:checking '/home/thill/ros2_ws/src/turtlebot3_custom/install/turtlebot3_custom/lib/python3.12/site-packages'
[2.271s] Level 1:colcon.colcon_core.environment:checking '/home/thill/ros2_ws/src/turtlebot3_custom/install/turtlebot3_custom/bin'
[2.272s] INFO:colcon.colcon_core.shell:Creating package script '/home/thill/ros2_ws/src/turtlebot3_custom/install/turtlebot3_custom/share/turtlebot3_custom/package.ps1'
[2.272s] INFO:colcon.colcon_core.shell:Creating package descriptor '/home/thill/ros2_ws/src/turtlebot3_custom/install/turtlebot3_custom/share/turtlebot3_custom/package.dsv'
[2.272s] INFO:colcon.colcon_core.shell:Creating package script '/home/thill/ros2_ws/src/turtlebot3_custom/install/turtlebot3_custom/share/turtlebot3_custom/package.sh'
[2.273s] INFO:colcon.colcon_core.shell:Creating package script '/home/thill/ros2_ws/src/turtlebot3_custom/install/turtlebot3_custom/share/turtlebot3_custom/package.bash'
[2.273s] INFO:colcon.colcon_core.shell:Creating package script '/home/thill/ros2_ws/src/turtlebot3_custom/install/turtlebot3_custom/share/turtlebot3_custom/package.zsh'
[2.273s] Level 1:colcon.colcon_core.environment:create_file_with_runtime_dependencies(/home/thill/ros2_ws/src/turtlebot3_custom/install/turtlebot3_custom/share/colcon-core/packages/turtlebot3_custom)
[2.284s] DEBUG:colcon.colcon_parallel_executor.executor.parallel:run_until_complete finished
[2.284s] DEBUG:colcon.colcon_parallel_executor.executor.parallel:closing loop
[2.284s] DEBUG:colcon.colcon_parallel_executor.executor.parallel:loop closed
[2.284s] DEBUG:colcon.colcon_core.event_reactor:joining thread
[2.288s] INFO:colcon.colcon_core.plugin_system:Skipping extension 'colcon_notification.desktop_notification.terminal_notifier': Not used on non-Darwin systems
[2.288s] INFO:colcon.colcon_core.plugin_system:Skipping extension 'colcon_notification.desktop_notification.win32': Not used on non-Windows systems
[2.288s] INFO:colcon.colcon_notification.desktop_notification:Sending desktop notification using 'notify2'
[2.301s] DEBUG:colcon.colcon_core.event_reactor:joined thread
[2.301s] INFO:colcon.colcon_core.shell:Creating prefix script '/home/thill/ros2_ws/src/turtlebot3_custom/install/local_setup.ps1'
[2.301s] INFO:colcon.colcon_core.shell:Creating prefix util module '/home/thill/ros2_ws/src/turtlebot3_custom/install/_local_setup_util_ps1.py'
[2.302s] INFO:colcon.colcon_core.shell:Creating prefix chain script '/home/thill/ros2_ws/src/turtlebot3_custom/install/setup.ps1'
[2.303s] INFO:colcon.colcon_core.shell:Creating prefix script '/home/thill/ros2_ws/src/turtlebot3_custom/install/local_setup.sh'
[2.303s] INFO:colcon.colcon_core.shell:Creating prefix util module '/home/thill/ros2_ws/src/turtlebot3_custom/install/_local_setup_util_sh.py'
[2.303s] INFO:colcon.colcon_core.shell:Creating prefix chain script '/home/thill/ros2_ws/src/turtlebot3_custom/install/setup.sh'
[2.304s] INFO:colcon.colcon_core.shell:Creating prefix script '/home/thill/ros2_ws/src/turtlebot3_custom/install/local_setup.bash'
[2.304s] INFO:colcon.colcon_core.shell:Creating prefix chain script '/home/thill/ros2_ws/src/turtlebot3_custom/install/setup.bash'
[2.305s] INFO:colcon.colcon_core.shell:Creating prefix script '/home/thill/ros2_ws/src/turtlebot3_custom/install/local_setup.zsh'
[2.305s] INFO:colcon.colcon_core.shell:Creating prefix chain script '/home/thill/ros2_ws/src/turtlebot3_custom/install/setup.zsh'
